<?xml version="1.0" encoding="UTF-8"?>
<!-- Generated by org.testng.reporters.JUnitXMLReporter -->
<testsuite hostname="DESKTOP-I302L0I" ignored="0" name="Free CRM App Test Cases" tests="9" failures="0" timestamp="11 Jul 2020 10:19:59 GMT" time="180.31" errors="0">
  <testcase name="loginPageTitleTest" time="0.051" classname="com.crm.qa.TestCases.LoginPageTest"/>
  <testcase name="verifyHomePageTitleTest" time="0.012" classname="com.crm.qa.TestCases.HomePageTest"/>
  <testcase name="validateCreatenewContact" time="5.382" classname="com.crm.qa.TestCases.ContactsPageTest"/>
  <testcase name="validateCreatenewContact" time="4.449" classname="com.crm.qa.TestCases.ContactsPageTest"/>
  <testcase name="validateCreatenewContact" time="4.925" classname="com.crm.qa.TestCases.ContactsPageTest"/>
  <testcase name="crmLogoImageTest" time="0.129" classname="com.crm.qa.TestCases.LoginPageTest"/>
  <testcase name="verifyUserNameTest" time="0.094" classname="com.crm.qa.TestCases.HomePageTest"/>
  <testcase name="loginTest" time="6.672" classname="com.crm.qa.TestCases.LoginPageTest"/>
  <testcase name="verifyContactsLinkTest" time="1.764" classname="com.crm.qa.TestCases.HomePageTest"/>
</testsuite> <!-- Free CRM App Test Cases -->
