<?xml version="1.0" encoding="UTF-8"?>
<!-- Generated by org.testng.reporters.JUnitXMLReporter -->
<testsuite hostname="DESKTOP-I302L0I" ignored="0" name="Default test" tests="3" failures="0" timestamp="02 Jul 2020 08:45:38 GMT" time="55.866" errors="0">
  <testcase name="loginPageTitleTest" time="0.055" classname="com.crm.qa.TestCases.LoginPageTest"/>
  <testcase name="crmLogoImageTest" time="0.297" classname="com.crm.qa.TestCases.LoginPageTest"/>
  <testcase name="loginTest" time="7.898" classname="com.crm.qa.TestCases.LoginPageTest"/>
</testsuite> <!-- Default test -->
